Rows: 128, Columns: 128
Simulation complete, writing image...
Number of steps to stable state: 4363 
Time: 496 ms
Rows: 16, Columns: 16
Simulation complete, writing image...
Number of steps to stable state: 67 
Time: 5 ms
Rows: 16, Columns: 16
Simulation complete, writing image...
Number of steps to stable state: 67 
Time: 1 ms
Rows: 26, Columns: 26
Simulation complete, writing image...
Number of steps to stable state: 176 
Time: 15 ms
Rows: 26, Columns: 26
Simulation complete, writing image...
Number of steps to stable state: 176 
Time: 6 ms
Rows: 36, Columns: 36
Simulation complete, writing image...
Number of steps to stable state: 342 
Time: 32 ms
Rows: 36, Columns: 36
Simulation complete, writing image...
Number of steps to stable state: 342 
Time: 8 ms
Rows: 46, Columns: 46
Simulation complete, writing image...
Number of steps to stable state: 560 
Time: 56 ms
Rows: 46, Columns: 46
Simulation complete, writing image...
Number of steps to stable state: 560 
Time: 16 ms
Rows: 56, Columns: 56
Simulation complete, writing image...
Number of steps to stable state: 848 
Time: 82 ms
Rows: 56, Columns: 56
Simulation complete, writing image...
Number of steps to stable state: 848 
Time: 24 ms
Rows: 66, Columns: 66
Simulation complete, writing image...
Number of steps to stable state: 1156 
Time: 117 ms
Rows: 66, Columns: 66
Simulation complete, writing image...
Number of steps to stable state: 1156 
Time: 31 ms
Rows: 76, Columns: 76
Simulation complete, writing image...
Number of steps to stable state: 1576 
Time: 144 ms
Rows: 76, Columns: 76
Simulation complete, writing image...
Number of steps to stable state: 1576 
Time: 40 ms
Rows: 86, Columns: 86
Simulation complete, writing image...
Number of steps to stable state: 2000 
Time: 191 ms
Rows: 86, Columns: 86
Simulation complete, writing image...
Number of steps to stable state: 2000 
Time: 53 ms
Rows: 96, Columns: 96
Simulation complete, writing image...
Number of steps to stable state: 2458 
Time: 242 ms
Rows: 96, Columns: 96
Simulation complete, writing image...
Number of steps to stable state: 2458 
Time: 71 ms
Rows: 106, Columns: 106
Simulation complete, writing image...
Number of steps to stable state: 3025 
Time: 333 ms
Rows: 106, Columns: 106
Simulation complete, writing image...
Number of steps to stable state: 3025 
Time: 95 ms
Rows: 116, Columns: 116
Simulation complete, writing image...
Number of steps to stable state: 3619 
Time: 403 ms
Rows: 116, Columns: 116
Simulation complete, writing image...
Number of steps to stable state: 3619 
Time: 127 ms
Rows: 126, Columns: 126
Simulation complete, writing image...
Number of steps to stable state: 4242 
Time: 479 ms
Rows: 126, Columns: 126
Simulation complete, writing image...
Number of steps to stable state: 4242 
Time: 201 ms
Rows: 136, Columns: 136
Simulation complete, writing image...
Number of steps to stable state: 5003 
Time: 599 ms
Rows: 136, Columns: 136
Simulation complete, writing image...
Number of steps to stable state: 5003 
Time: 239 ms
Rows: 146, Columns: 146
Simulation complete, writing image...
Number of steps to stable state: 5736 
Time: 761 ms
Rows: 146, Columns: 146
Simulation complete, writing image...
Number of steps to stable state: 5736 
Time: 292 ms
Rows: 156, Columns: 156
Simulation complete, writing image...
Number of steps to stable state: 6567 
Time: 930 ms
Rows: 156, Columns: 156
Simulation complete, writing image...
Number of steps to stable state: 6567 
Time: 398 ms
Rows: 1001, Columns: 1001
Simulation complete, writing image...
Number of steps to stable state: 266013 
Time: 2756125 ms
Rows: 1001, Columns: 1001
Simulation complete, writing image...
Number of steps to stable state: 266013 
Time: 3867013 ms
Rows: 1001, Columns: 1001
Rows: 1001, Columns: 1001
Simulation complete, writing image...
Number of steps to stable state: 266013 
Time: 1668874 ms
Rows: 517, Columns: 517
java.io.FileNotFoundException: input517x517.csv (No such file or directory)
	at java.base/java.io.FileInputStream.open0(Native Method)
	at java.base/java.io.FileInputStream.open(FileInputStream.java:219)
	at java.base/java.io.FileInputStream.<init>(FileInputStream.java:158)
	at java.base/java.io.FileInputStream.<init>(FileInputStream.java:112)
	at java.base/java.io.FileReader.<init>(FileReader.java:60)
	at parallelAbelianSandpile.AutomatonSimulation.readArrayFromCSV(AutomatonSimulation.java:44)
	at parallelAbelianSandpile.AutomatonSimulation.main(AutomatonSimulation.java:83)
Exception in thread "main" java.lang.NullPointerException: Cannot read the array length because "newGrid" is null
	at parallelAbelianSandpile.Grid.<init>(Grid.java:32)
	at parallelAbelianSandpile.AutomatonSimulation.main(AutomatonSimulation.java:83)
java.io.FileNotFoundException: input517x517.csv (No such file or directory)
	at java.base/java.io.FileInputStream.open0(Native Method)
	at java.base/java.io.FileInputStream.open(FileInputStream.java:219)
	at java.base/java.io.FileInputStream.<init>(FileInputStream.java:158)
	at java.base/java.io.FileInputStream.<init>(FileInputStream.java:112)
	at java.base/java.io.FileReader.<init>(FileReader.java:60)
	at parallelAbelianSandpile.AutomatonSimulation.readArrayFromCSV(AutomatonSimulation.java:44)
	at parallelAbelianSandpile.AutomatonSimulation.main(AutomatonSimulation.java:83)
Exception in thread "main" java.lang.NullPointerException: Cannot read the array length because "newGrid" is null
	at parallelAbelianSandpile.Grid.<init>(Grid.java:32)
	at parallelAbelianSandpile.AutomatonSimulation.main(AutomatonSimulation.java:83)
java.io.FileNotFoundException: .input517x517.csv (No such file or directory)
	at java.base/java.io.FileInputStream.open0(Native Method)
	at java.base/java.io.FileInputStream.open(FileInputStream.java:219)
	at java.base/java.io.FileInputStream.<init>(FileInputStream.java:158)
	at java.base/java.io.FileInputStream.<init>(FileInputStream.java:112)
	at java.base/java.io.FileReader.<init>(FileReader.java:60)
	at parallelAbelianSandpile.AutomatonSimulation.readArrayFromCSV(AutomatonSimulation.java:44)
	at parallelAbelianSandpile.AutomatonSimulation.main(AutomatonSimulation.java:83)
Exception in thread "main" java.lang.NullPointerException: Cannot read the array length because "newGrid" is null
	at parallelAbelianSandpile.Grid.<init>(Grid.java:32)
	at parallelAbelianSandpile.AutomatonSimulation.main(AutomatonSimulation.java:83)
java.io.FileNotFoundException: input517x517.csv (No such file or directory)
	at java.base/java.io.FileInputStream.open0(Native Method)
	at java.base/java.io.FileInputStream.open(FileInputStream.java:219)
	at java.base/java.io.FileInputStream.<init>(FileInputStream.java:158)
	at java.base/java.io.FileInputStream.<init>(FileInputStream.java:112)
	at java.base/java.io.FileReader.<init>(FileReader.java:60)
	at parallelAbelianSandpile.AutomatonSimulation.readArrayFromCSV(AutomatonSimulation.java:44)
	at parallelAbelianSandpile.AutomatonSimulation.main(AutomatonSimulation.java:83)
Exception in thread "main" java.lang.NullPointerException: Cannot read the array length because "newGrid" is null
	at parallelAbelianSandpile.Grid.<init>(Grid.java:32)
	at parallelAbelianSandpile.AutomatonSimulation.main(AutomatonSimulation.java:83)
Rows: 128, Columns: 128
Simulation complete, writing image...
Number of steps to stable state: 4363 
Time: 384 ms
java.io.FileNotFoundException: input517x517.csv (No such file or directory)
	at java.base/java.io.FileInputStream.open0(Native Method)
	at java.base/java.io.FileInputStream.open(FileInputStream.java:219)
	at java.base/java.io.FileInputStream.<init>(FileInputStream.java:158)
	at java.base/java.io.FileInputStream.<init>(FileInputStream.java:112)
	at java.base/java.io.FileReader.<init>(FileReader.java:60)
	at parallelAbelianSandpile.AutomatonSimulation.readArrayFromCSV(AutomatonSimulation.java:44)
	at parallelAbelianSandpile.AutomatonSimulation.main(AutomatonSimulation.java:83)
Exception in thread "main" java.lang.NullPointerException: Cannot read the array length because "newGrid" is null
	at parallelAbelianSandpile.Grid.<init>(Grid.java:32)
	at parallelAbelianSandpile.AutomatonSimulation.main(AutomatonSimulation.java:83)
Rows: 517, Columns: 517
Simulation complete, writing image...
Number of steps to stable state: 98904 
Time: 70507 ms
Rows: 517, Columns: 517
Simulation complete, writing image...
Number of steps to stable state: 98904 
Time: 78744 ms
Rows: 517, Columns: 517
Simulation complete, writing image...
Number of steps to stable state: 98904 
Time: 64074 ms
Rows: 517, Columns: 517
Simulation complete, writing image...
Number of steps to stable state: 98904 
Time: 78729 ms
Rows: 517, Columns: 517
Simulation complete, writing image...
Number of steps to stable state: 98904 
Time: 72985 ms
java.io.FileNotFoundException: input1001x1001.csv (No such file or directory)
	at java.base/java.io.FileInputStream.open0(Native Method)
	at java.base/java.io.FileInputStream.open(FileInputStream.java:219)
	at java.base/java.io.FileInputStream.<init>(FileInputStream.java:158)
	at java.base/java.io.FileInputStream.<init>(FileInputStream.java:112)
	at java.base/java.io.FileReader.<init>(FileReader.java:60)
	at parallelAbelianSandpile.AutomatonSimulation.readArrayFromCSV(AutomatonSimulation.java:44)
	at parallelAbelianSandpile.AutomatonSimulation.main(AutomatonSimulation.java:83)
Exception in thread "main" java.lang.NullPointerException: Cannot read the array length because "newGrid" is null
	at parallelAbelianSandpile.Grid.<init>(Grid.java:32)
	at parallelAbelianSandpile.AutomatonSimulation.main(AutomatonSimulation.java:83)
Rows: 1001, Columns: 1001
Simulation complete, writing image...
Number of steps to stable state: 266013 
Time: 966603 ms
Rows: 16, Columns: 16
Simulation complete, writing image...
Number of steps to stable state: 67 
Time: 3 ms
Rows: 16, Columns: 16
Simulation complete, writing image...
Number of steps to stable state: 67 
Time: 1 ms
Rows: 26, Columns: 26
Simulation complete, writing image...
Number of steps to stable state: 176 
Time: 9 ms
Rows: 26, Columns: 26
Simulation complete, writing image...
Number of steps to stable state: 176 
Time: 6 ms
Rows: 36, Columns: 36
Simulation complete, writing image...
Number of steps to stable state: 342 
Time: 18 ms
Rows: 36, Columns: 36
Simulation complete, writing image...
Number of steps to stable state: 342 
Time: 9 ms
Rows: 46, Columns: 46
Simulation complete, writing image...
Number of steps to stable state: 560 
Time: 35 ms
Rows: 46, Columns: 46
Simulation complete, writing image...
Number of steps to stable state: 560 
Time: 17 ms
Rows: 56, Columns: 56
Simulation complete, writing image...
Number of steps to stable state: 848 
Time: 60 ms
Rows: 56, Columns: 56
Simulation complete, writing image...
Number of steps to stable state: 848 
Time: 24 ms
Rows: 66, Columns: 66
Simulation complete, writing image...
Number of steps to stable state: 1156 
Time: 80 ms
Rows: 66, Columns: 66
Simulation complete, writing image...
Number of steps to stable state: 1156 
Time: 32 ms
Rows: 76, Columns: 76
Simulation complete, writing image...
Number of steps to stable state: 1576 
Time: 98 ms
Rows: 76, Columns: 76
Simulation complete, writing image...
Number of steps to stable state: 1576 
Time: 40 ms
Rows: 86, Columns: 86
Simulation complete, writing image...
Number of steps to stable state: 2000 
Time: 120 ms
Rows: 86, Columns: 86
Simulation complete, writing image...
Number of steps to stable state: 2000 
Time: 50 ms
Rows: 96, Columns: 96
Simulation complete, writing image...
Number of steps to stable state: 2458 
Time: 152 ms
Rows: 96, Columns: 96
Simulation complete, writing image...
Number of steps to stable state: 2458 
Time: 69 ms
Rows: 106, Columns: 106
Simulation complete, writing image...
Number of steps to stable state: 3025 
Time: 192 ms
Rows: 106, Columns: 106
Simulation complete, writing image...
Number of steps to stable state: 3025 
Time: 94 ms
Rows: 116, Columns: 116
Simulation complete, writing image...
Number of steps to stable state: 3619 
Time: 249 ms
Rows: 116, Columns: 116
Simulation complete, writing image...
Number of steps to stable state: 3619 
Time: 130 ms
Rows: 126, Columns: 126
Simulation complete, writing image...
Number of steps to stable state: 4242 
Time: 312 ms
Rows: 126, Columns: 126
Simulation complete, writing image...
Number of steps to stable state: 4242 
Time: 171 ms
Rows: 136, Columns: 136
Simulation complete, writing image...
Number of steps to stable state: 5003 
Time: 412 ms
Rows: 136, Columns: 136
Simulation complete, writing image...
Number of steps to stable state: 5003 
Time: 235 ms
Rows: 146, Columns: 146
Simulation complete, writing image...
Number of steps to stable state: 5736 
Time: 471 ms
Rows: 146, Columns: 146
Simulation complete, writing image...
Number of steps to stable state: 5736 
Time: 292 ms
Rows: 156, Columns: 156
Simulation complete, writing image...
Number of steps to stable state: 6567 
Time: 604 ms
Rows: 156, Columns: 156
Simulation complete, writing image...
Number of steps to stable state: 6567 
Time: 394 ms
Rows: 16, Columns: 16
Simulation complete, writing image...
Number of steps to stable state: 67 
Time: 3 ms
Rows: 16, Columns: 16
Simulation complete, writing image...
Number of steps to stable state: 67 
Time: 2 ms
Rows: 26, Columns: 26
Simulation complete, writing image...
Number of steps to stable state: 176 
Time: 11 ms
Rows: 26, Columns: 26
Simulation complete, writing image...
Number of steps to stable state: 176 
Time: 5 ms
Rows: 36, Columns: 36
Simulation complete, writing image...
Number of steps to stable state: 342 
Time: 20 ms
Rows: 36, Columns: 36
Simulation complete, writing image...
Number of steps to stable state: 342 
Time: 9 ms
Rows: 46, Columns: 46
Simulation complete, writing image...
Number of steps to stable state: 560 
Time: 37 ms
Rows: 46, Columns: 46
Simulation complete, writing image...
Number of steps to stable state: 560 
Time: 16 ms
Rows: 56, Columns: 56
Simulation complete, writing image...
Number of steps to stable state: 848 
Time: 60 ms
Rows: 56, Columns: 56
Simulation complete, writing image...
Number of steps to stable state: 848 
Time: 25 ms
Rows: 66, Columns: 66
Simulation complete, writing image...
Number of steps to stable state: 1156 
Time: 77 ms
Rows: 66, Columns: 66
Simulation complete, writing image...
Number of steps to stable state: 1156 
Time: 32 ms
Rows: 76, Columns: 76
Simulation complete, writing image...
Number of steps to stable state: 1576 
Time: 98 ms
Rows: 76, Columns: 76
Simulation complete, writing image...
Number of steps to stable state: 1576 
Time: 40 ms
Rows: 86, Columns: 86
Simulation complete, writing image...
Number of steps to stable state: 2000 
Time: 123 ms
Rows: 86, Columns: 86
Simulation complete, writing image...
Number of steps to stable state: 2000 
Time: 50 ms
Rows: 96, Columns: 96
Simulation complete, writing image...
Number of steps to stable state: 2458 
Time: 148 ms
Rows: 96, Columns: 96
Simulation complete, writing image...
Number of steps to stable state: 2458 
Time: 73 ms
Rows: 106, Columns: 106
Simulation complete, writing image...
Number of steps to stable state: 3025 
Time: 189 ms
Rows: 106, Columns: 106
Simulation complete, writing image...
Number of steps to stable state: 3025 
Time: 96 ms
Rows: 116, Columns: 116
Simulation complete, writing image...
Number of steps to stable state: 3619 
Time: 244 ms
Rows: 116, Columns: 116
Simulation complete, writing image...
Number of steps to stable state: 3619 
Time: 129 ms
Rows: 126, Columns: 126
Simulation complete, writing image...
Number of steps to stable state: 4242 
Time: 308 ms
Rows: 126, Columns: 126
Simulation complete, writing image...
Number of steps to stable state: 4242 
Time: 171 ms
Rows: 136, Columns: 136
Simulation complete, writing image...
Number of steps to stable state: 5003 
Time: 389 ms
Rows: 136, Columns: 136
Simulation complete, writing image...
Number of steps to stable state: 5003 
Time: 262 ms
Rows: 146, Columns: 146
Simulation complete, writing image...
Number of steps to stable state: 5736 
Time: 475 ms
Rows: 146, Columns: 146
Simulation complete, writing image...
Number of steps to stable state: 5736 
Time: 291 ms
Rows: 156, Columns: 156
Simulation complete, writing image...
Number of steps to stable state: 6567 
Time: 597 ms
Rows: 156, Columns: 156
Simulation complete, writing image...
Number of steps to stable state: 6567 
Time: 394 ms
Rows: 128, Columns: 128
Simulation complete, writing image...
Number of steps to stable state: 4363 
Time: 320 ms
Rows: 128, Columns: 128
Simulation complete, writing image...
Number of steps to stable state: 4363 
Time: 323 ms
Rows: 128, Columns: 128
Simulation complete, writing image...
Number of steps to stable state: 4363 
Time: 318 ms
Rows: 128, Columns: 128
Simulation complete, writing image...
Number of steps to stable state: 4363 
Time: 327 ms
Rows: 1001, Columns: 1001
Simulation complete, writing image...
Number of steps to stable state: 266013 
Time: 678691 ms
Rows: 1001, Columns: 1001
Simulation complete, writing image...
Number of steps to stable state: 266013 
Time: 770340 ms
Rows: 1501, Columns: 1501
Simulation complete, writing image...
Number of steps to stable state: 598178 
Time: 26304205 ms
Rows: 1501, Columns: 1501
Simulation complete, writing image...
Number of steps to stable state: 598178 
Time: 10484680 ms
Rows: 2001, Columns: 2001
Rows: 128, Columns: 128
Simulation complete, writing image...
Number of steps to stable state: 4363 
Time: 402 ms
Rows: 517, Columns: 517
Rows: 517, Columns: 517
Rows: 517, Columns: 517
Simulation complete, writing image...
Number of steps to stable state: 98904 
Time: 119315 ms
Rows: 517, Columns: 517
Rows: 517, Columns: 517
Simulation complete, writing image...
Number of steps to stable state: 98904 
Time: 118661 ms
Rows: 517, Columns: 517
Simulation complete, writing image...
Number of steps to stable state: 98904 
Time: 102583 ms
Rows: 517, Columns: 517
Simulation complete, writing image...
Number of steps to stable state: 98904 
Time: 106288 ms
Rows: 517, Columns: 517
Simulation complete, writing image...
Number of steps to stable state: 98904 
Time: 100399 ms
Rows: 517, Columns: 517
Simulation complete, writing image...
Number of steps to stable state: 98904 
Time: 95889 ms
Rows: 517, Columns: 517
Simulation complete, writing image...
Number of steps to stable state: 98904 
Time: 96020 ms
Rows: 517, Columns: 517
Rows: 517, Columns: 517
Simulation complete, writing image...
Number of steps to stable state: 98904 
Time: 129735 ms
Rows: 16, Columns: 16
Simulation complete, writing image...
Number of steps to stable state: 67 
Time: 5 ms
Rows: 16, Columns: 16
Simulation complete, writing image...
Number of steps to stable state: 67 
Time: 2 ms
Rows: 26, Columns: 26
Simulation complete, writing image...
Number of steps to stable state: 176 
Time: 14 ms
Rows: 26, Columns: 26
Simulation complete, writing image...
Number of steps to stable state: 176 
Time: 9 ms
Rows: 36, Columns: 36
Simulation complete, writing image...
Number of steps to stable state: 342 
Time: 28 ms
Rows: 36, Columns: 36
Simulation complete, writing image...
Number of steps to stable state: 342 
Time: 14 ms
Rows: 46, Columns: 46
Simulation complete, writing image...
Number of steps to stable state: 560 
Time: 57 ms
Rows: 46, Columns: 46
Simulation complete, writing image...
Number of steps to stable state: 560 
Time: 26 ms
Rows: 56, Columns: 56
Simulation complete, writing image...
Number of steps to stable state: 848 
Time: 94 ms
Rows: 56, Columns: 56
Simulation complete, writing image...
Number of steps to stable state: 848 
Time: 40 ms
Rows: 66, Columns: 66
Simulation complete, writing image...
Number of steps to stable state: 1156 
Time: 121 ms
Rows: 66, Columns: 66
Simulation complete, writing image...
Number of steps to stable state: 1156 
Time: 47 ms
Rows: 76, Columns: 76
Simulation complete, writing image...
Number of steps to stable state: 1576 
Time: 147 ms
Rows: 76, Columns: 76
Simulation complete, writing image...
Number of steps to stable state: 1576 
Time: 65 ms
Rows: 86, Columns: 86
Simulation complete, writing image...
Number of steps to stable state: 2000 
Time: 185 ms
Rows: 86, Columns: 86
Simulation complete, writing image...
Number of steps to stable state: 2000 
Time: 82 ms
Rows: 96, Columns: 96
Simulation complete, writing image...
Number of steps to stable state: 2458 
Time: 221 ms
Rows: 96, Columns: 96
Simulation complete, writing image...
Number of steps to stable state: 2458 
Time: 111 ms
Rows: 106, Columns: 106
Simulation complete, writing image...
Number of steps to stable state: 3025 
Time: 310 ms
Rows: 106, Columns: 106
Simulation complete, writing image...
Number of steps to stable state: 3025 
Time: 153 ms
Rows: 116, Columns: 116
Simulation complete, writing image...
Number of steps to stable state: 3619 
Time: 355 ms
Rows: 116, Columns: 116
Simulation complete, writing image...
Number of steps to stable state: 3619 
Time: 215 ms
Rows: 126, Columns: 126
Simulation complete, writing image...
Number of steps to stable state: 4242 
Time: 456 ms
Rows: 126, Columns: 126
Simulation complete, writing image...
Number of steps to stable state: 4242 
Time: 286 ms
Rows: 136, Columns: 136
Simulation complete, writing image...
Number of steps to stable state: 5003 
Time: 578 ms
Rows: 136, Columns: 136
Simulation complete, writing image...
Number of steps to stable state: 5003 
Time: 383 ms
Rows: 146, Columns: 146
Simulation complete, writing image...
Number of steps to stable state: 5736 
Time: 689 ms
Rows: 146, Columns: 146
Simulation complete, writing image...
Number of steps to stable state: 5736 
Time: 500 ms
Rows: 156, Columns: 156
Simulation complete, writing image...
Number of steps to stable state: 6567 
Time: 826 ms
Rows: 156, Columns: 156
Simulation complete, writing image...
Number of steps to stable state: 6567 
Time: 642 ms
Rows: 16, Columns: 16
Simulation complete, writing image...
Number of steps to stable state: 67 
Time: 8 ms
Rows: 16, Columns: 16
Simulation complete, writing image...
Number of steps to stable state: 67 
Time: 2 ms
Rows: 26, Columns: 26
Simulation complete, writing image...
Number of steps to stable state: 176 
Time: 22 ms
Rows: 26, Columns: 26
Simulation complete, writing image...
Number of steps to stable state: 176 
Time: 8 ms
Rows: 36, Columns: 36
Simulation complete, writing image...
Number of steps to stable state: 342 
Time: 46 ms
Rows: 36, Columns: 36
Simulation complete, writing image...
Number of steps to stable state: 342 
Time: 14 ms
Rows: 46, Columns: 46
Simulation complete, writing image...
Number of steps to stable state: 560 
Time: 86 ms
Rows: 46, Columns: 46
Simulation complete, writing image...
Number of steps to stable state: 560 
Time: 26 ms
Rows: 56, Columns: 56
Simulation complete, writing image...
Number of steps to stable state: 848 
Time: 119 ms
Rows: 56, Columns: 56
Simulation complete, writing image...
Number of steps to stable state: 848 
Time: 38 ms
Rows: 66, Columns: 66
Simulation complete, writing image...
Number of steps to stable state: 1156 
Time: 159 ms
Rows: 66, Columns: 66
Simulation complete, writing image...
Number of steps to stable state: 1156 
Time: 50 ms
Rows: 76, Columns: 76
Simulation complete, writing image...
Number of steps to stable state: 1576 
Time: 193 ms
Rows: 76, Columns: 76
Simulation complete, writing image...
Number of steps to stable state: 1576 
Time: 108 ms
Rows: 86, Columns: 86
Simulation complete, writing image...
Number of steps to stable state: 2000 
Time: 242 ms
Rows: 86, Columns: 86
Simulation complete, writing image...
Number of steps to stable state: 2000 
Time: 83 ms
Rows: 96, Columns: 96
Simulation complete, writing image...
Number of steps to stable state: 2458 
Time: 305 ms
Rows: 96, Columns: 96
Simulation complete, writing image...
Number of steps to stable state: 2458 
Time: 114 ms
Rows: 106, Columns: 106
Simulation complete, writing image...
Number of steps to stable state: 3025 
Time: 398 ms
Rows: 106, Columns: 106
Simulation complete, writing image...
Number of steps to stable state: 3025 
Time: 152 ms
Rows: 116, Columns: 116
Simulation complete, writing image...
Number of steps to stable state: 3619 
Time: 482 ms
Rows: 116, Columns: 116
Simulation complete, writing image...
Number of steps to stable state: 3619 
Time: 211 ms
Rows: 126, Columns: 126
Simulation complete, writing image...
Number of steps to stable state: 4242 
Time: 601 ms
Rows: 126, Columns: 126
Simulation complete, writing image...
Number of steps to stable state: 4242 
Time: 279 ms
Rows: 136, Columns: 136
Simulation complete, writing image...
Number of steps to stable state: 5003 
Time: 764 ms
Rows: 136, Columns: 136
Simulation complete, writing image...
Number of steps to stable state: 5003 
Time: 379 ms
Rows: 146, Columns: 146
Simulation complete, writing image...
Number of steps to stable state: 5736 
Time: 1032 ms
Rows: 146, Columns: 146
Simulation complete, writing image...
Number of steps to stable state: 5736 
Time: 477 ms
Rows: 156, Columns: 156
Simulation complete, writing image...
Number of steps to stable state: 6567 
Time: 1151 ms
Rows: 156, Columns: 156
Simulation complete, writing image...
Number of steps to stable state: 6567 
Time: 640 ms
Rows: 517, Columns: 517
Simulation complete, writing image...
Number of steps to stable state: 71316 
Time: 101447 ms
Rows: 517, Columns: 517
Simulation complete, writing image...
Number of steps to stable state: 71316 
Time: 89536 ms
Exception in thread "main" java.lang.Error: Unresolved compilation problem: 
	Syntax error, insert ")" to complete Expression

	at parallelAbelianSandpile.AutomatonSimulation.main(AutomatonSimulation.java:126)
Rows: 128, Columns: 128
Simulation complete, writing image...
Number of steps to stable state: 4363 
Time: 698 ms
Rows: 128, Columns: 128
Simulation complete, writing image...
Number of steps to stable state: 4363 
Time: 706 ms
Rows: 128, Columns: 128
Simulation complete, writing image...
Number of steps to stable state: 4363 
Time: 716 ms
Rows: 128, Columns: 128
Simulation complete, writing image...
Number of steps to stable state: 4363 
Time: 725 ms
Rows: 128, Columns: 128
Simulation complete, writing image...
Number of steps to stable state: 4363 
Time: 679 ms
Rows: 128, Columns: 128
Simulation complete, writing image...
Number of steps to stable state: 4363 
Time: 702 ms
Rows: 128, Columns: 128
Simulation complete, writing image...
Number of steps to stable state: 4363 
Time: 298 ms
Rows: 128, Columns: 128
Simulation complete, writing image...
Number of steps to stable state: 4363 
Time: 300 ms
Rows: 128, Columns: 128
Simulation complete, writing image...
Number of steps to stable state: 4363 
Time: 745 ms
Rows: 128, Columns: 128
Simulation complete, writing image...
Number of steps to stable state: 4363 
Time: 447 ms
Rows: 128, Columns: 128
Simulation complete, writing image...
Number of steps to stable state: 4363 
Time: 300 ms
Rows: 128, Columns: 128
Simulation complete, writing image...
Number of steps to stable state: 4363 
Time: 444 ms
Rows: 128, Columns: 128
Simulation complete, writing image...
Number of steps to stable state: 4363 
Time: 300 ms
Rows: 128, Columns: 128
Simulation complete, writing image...
Number of steps to stable state: 4363 
Time: 445 ms
Rows: 128, Columns: 128
Simulation complete, writing image...
Number of steps to stable state: 4363 
Time: 296 ms
Rows: 128, Columns: 128
Simulation complete, writing image...
Number of steps to stable state: 4363 
Time: 451 ms
Rows: 128, Columns: 128
Rows: 128, Columns: 128
Simulation complete, writing image...
Number of steps to stable state: 4363 
Time: 449 ms
Rows: 128, Columns: 128
Simulation complete, writing image...
Number of steps to stable state: 4363 
Time: 298 ms
Rows: 200, Columns: 200
Simulation complete, writing image...
Number of steps to stable state: 16738 
Time: 3232 ms
Rows: 200, Columns: 200
Simulation complete, writing image...
Number of steps to stable state: 16738 
Time: 3507 ms
Rows: 200, Columns: 200
Simulation complete, writing image...
Number of steps to stable state: 20789 
Time: 4173 ms
Rows: 200, Columns: 200
Simulation complete, writing image...
Number of steps to stable state: 20789 
Time: 4642 ms
Rows: 300, Columns: 300
Simulation complete, writing image...
Number of steps to stable state: 48039 
Time: 18498 ms
Rows: 300, Columns: 300
Simulation complete, writing image...
Number of steps to stable state: 48039 
Time: 23438 ms
Rows: 400, Columns: 400
Simulation complete, writing image...
Number of steps to stable state: 83186 
Time: 56043 ms
Rows: 400, Columns: 400
Simulation complete, writing image...
Number of steps to stable state: 83186 
Time: 71880 ms
Rows: 500, Columns: 500
Simulation complete, writing image...
Number of steps to stable state: 128891 
Time: 130649 ms
Rows: 500, Columns: 500
Simulation complete, writing image...
Number of steps to stable state: 128891 
Time: 172500 ms
Rows: 100, Columns: 100
Simulation complete, writing image...
Number of steps to stable state: 9332 
Time: 765 ms
Rows: 100, Columns: 100
Simulation complete, writing image...
Number of steps to stable state: 9332 
Time: 377 ms
Rows: 120, Columns: 120
Simulation complete, writing image...
Number of steps to stable state: 13438 
Time: 1268 ms
Rows: 120, Columns: 120
Simulation complete, writing image...
Number of steps to stable state: 13438 
Time: 740 ms
Rows: 140, Columns: 140
Simulation complete, writing image...
Number of steps to stable state: 17786 
Time: 2094 ms
Rows: 140, Columns: 140
Simulation complete, writing image...
Number of steps to stable state: 17786 
Time: 1314 ms
Rows: 160, Columns: 160
Simulation complete, writing image...
Number of steps to stable state: 23814 
Time: 3252 ms
Rows: 160, Columns: 160
Simulation complete, writing image...
Number of steps to stable state: 23814 
Time: 2548 ms
Rows: 180, Columns: 180
Simulation complete, writing image...
Number of steps to stable state: 29643 
Time: 5394 ms
Rows: 180, Columns: 180
Simulation complete, writing image...
Number of steps to stable state: 29643 
Time: 5795 ms
Rows: 200, Columns: 200
Simulation complete, writing image...
Number of steps to stable state: 34621 
Time: 7331 ms
Rows: 200, Columns: 200
Simulation complete, writing image...
Number of steps to stable state: 34621 
Time: 8486 ms
Rows: 500, Columns: 500
Simulation complete, writing image...
Number of steps to stable state: 111747 
Time: 155126 ms
Rows: 500, Columns: 500
Simulation complete, writing image...
Number of steps to stable state: 111747 
Time: 143408 ms
